Project Library Creation Log File 2/23/2012 7:02:57 PM
EAGLE Version 6.1.0 Copyright (c) 1988-2012 CadSoft
Created from: chipKIT Max32.sch

LIBRARY: chipKIT_Max32.lbr
   PAC: Discrete_0207/10
   PAC: Discrete_A405
   PAC: Discrete_C102/2X7
   PAC: Discrete_C0402
   PAC: Discrete_C0402P
   PAC: Discrete_C0402S
   PAC: Discrete_C0603
   PAC: Discrete_C0603S
   PAC: Discrete_C0805
   PAC: Discrete_C0805S
   PAC: Discrete_C1206
   PAC: Discrete_C1206S
   PAC: Discrete_C1210
   PAC: Discrete_CM200S
   PAC: Discrete_CM309S
   PAC: Discrete_CPOL-E
   PAC: Discrete_CPOL-F
   PAC: Discrete_CPOL-G
   PAC: Discrete_CPOL-J16
   PAC: Discrete_CPOL-VS-C
   PAC: Discrete_CPOL6X8
   PAC: Discrete_CPOL8X10
   PAC: Discrete_CPOL0805
   PAC: Discrete_CPOL3216
   PAC: Discrete_CPOL3528
   PAC: Discrete_CPOL6032
   PAC: Discrete_CS10
   PAC: Discrete_CS325
   PAC: Discrete_CSM-7
   PAC: Discrete_D0402
   PAC: Discrete_D0402S
   PAC: Discrete_D0603
   PAC: Discrete_D0805
   PAC: Discrete_DO35
   PAC: Discrete_DO41
   PAC: Discrete_F55
   PAC: Discrete_FD24
   PAC: Discrete_FQ5032B
   PAC: Discrete_FQ7050B
   PAC: Discrete_HC49US
   PAC: Discrete_LED-3MM
   PAC: Discrete_LED-5MM
   PAC: Discrete_NITEIZE
   PAC: Discrete_R0402
   PAC: Discrete_R0402S
   PAC: Discrete_R0603
   PAC: Discrete_R0603S
   PAC: Discrete_R0612
   PAC: Discrete_R0805
   PAC: Discrete_R0805S
   PAC: Discrete_R1206
   PAC: Discrete_R1206S
   PAC: Discrete_R2010
   PAC: Discrete_R2512
   PAC: Discrete_SMA
   PAC: Discrete_SOD-123
   PAC: Discrete_SOD-523F
   PAC: Discrete_SOT-323
   PAC: Discrete_SOT-323-5
   PAC: Discrete_SOT-363
   PAC: Discrete_SOT23
   PAC: Discrete_TT25D6
   PAC: Discrete_TT25D8
   PAC: Discrete_TT35D8
   PAC: Discrete_TT50D12
   PAC: Discrete_XT-T38
   PAC: IC_QFN32
   PAC: IC_SOT223
   PAC: IC_SSOP28L
   PAC: IC_TO-220-4
   PAC: IC_TO-263
   PAC: Logo_CE_LOGO
   PAC: Logo_CHIPKIT_LOGO
   PAC: Logo_DIGILENT_BEYOND_1500_LOGO
   PAC: Logo_DIGILENT_URL_1000_LOGO
   PAC: Logo_DIGILENT_URL_1500_LOGO
   PAC: Logo_MAX32_LOGO
   PAC: Logo_ROHS_CHINA_INV_LOGO
   PAC: Logo_ROHS_CHINA_LOGO
   PAC: Logo_WEEE_LOGO
   PAC: Logo_WEEE_LOGO2
   PAC: Mechanical_HDR-1X2
   PAC: Mechanical_HDR-1X4
   PAC: Mechanical_HDR-1X6
   PAC: Mechanical_HDR-1X6_OFFSET
   PAC: Mechanical_HDR-1X8
   PAC: Mechanical_HDR-2X3
   PAC: Mechanical_HDR-2X8
   PAC: Mechanical_JPR-1X2
   PAC: Mechanical_JPR-1X3
   PAC: Mechanical_KLD-0202D
   PAC: Mechanical_KLD-0202S
   PAC: Mechanical_SW-P8008
   PAC: Mechanical_USB-AB-MINI
   PAC: Microchip_DFN8-MC
   PAC: Microchip_SC70-5-LT
   PAC: Microchip_SOT23-5-OT
   PAC: Microchip_TQ100-PF
   PAC: Microchip_TQ100-PT
   SYM: Discrete_BAV70
   SYM: Discrete_BAV99W
   SYM: Discrete_CAP
   SYM: Discrete_CPOL
   SYM: Discrete_DIODE
   SYM: Discrete_LED
   SYM: Discrete_MOSFET-P
   SYM: Discrete_NPN
   SYM: Discrete_NSQA6V8
   SYM: Discrete_RESISTOR
   SYM: Discrete_XTAL
   SYM: Doc_DOCFIELD2
   SYM: Doc_LETTER_L2
   SYM: IC_FT232R
   SYM: IC_VREG-VAR-4
   SYM: Logo_CE_LOGO
   SYM: Logo_CHIPKIT_LOGO
   SYM: Logo_DIGILENT_LOGO
   SYM: Logo_MAX32_LOGO
   SYM: Logo_ROHS_CHINA_LOGO
   SYM: Logo_WEEE_LOGO
   SYM: Mechanical_BTN-SPST
   SYM: Mechanical_CON-PWRCOAX
   SYM: Mechanical_JP-1X2
   SYM: Mechanical_JP-1X3
   SYM: Mechanical_PHDR-2
   SYM: Mechanical_PHDR-4
   SYM: Mechanical_PHDR-6
   SYM: Mechanical_PHDR-8
   SYM: Mechanical_PHDR-16
   SYM: Mechanical_USB-AB-MINI
   SYM: Microchip_MCP1725MC
   SYM: Microchip_OPAMP
   SYM: Microchip_PIC32MX7XXL-MISC
   SYM: Microchip_PIC32MX7XXL-PA
   SYM: Microchip_PIC32MX7XXL-PB
   SYM: Microchip_PIC32MX7XXL-PC
   SYM: Microchip_PIC32MX7XXL-PD
   SYM: Microchip_PIC32MX7XXL-PE
   SYM: Microchip_PIC32MX7XXL-PF
   SYM: Microchip_PIC32MX7XXL-PG
   SYM: Microchip_PWR-GND
   DEV: Discrete_BAV70S
   DEV: Discrete_BAV99W
   DEV: Discrete_CAP
   DEV: Discrete_CPOL
   DEV: Discrete_DIODE
   DEV: Discrete_FDN340P
   DEV: Discrete_LED
   DEV: Discrete_MMBT3904
   DEV: Discrete_NSQA6V8
   DEV: Discrete_RES
   DEV: Discrete_XTAL
   DEV: Doc_FR-LETTER-L2
   DEV: IC_FT232R
   DEV: IC_LM1117
   DEV: Logo_CE
   DEV: Logo_CHIPKIT
   DEV: Logo_DIGILENT_INC
   DEV: Logo_MAX32_LOGO
   DEV: Logo_ROHS-CHINA
   DEV: Logo_WEEE
   DEV: Mechanical_CON-COAX
   DEV: Mechanical_HDR-1X2
   DEV: Mechanical_HDR-1X4
   DEV: Mechanical_HDR-1X6
   DEV: Mechanical_HDR-1X6-OFFSET
   DEV: Mechanical_HDR-1X8
   DEV: Mechanical_HDR-2X3
   DEV: Mechanical_HDR-2X8
   DEV: Mechanical_JPR-1X2
   DEV: Mechanical_JPR-1X3
   DEV: Mechanical_SW-P8008
   DEV: Mechanical_USB-AB-MINI
   DEV: Microchip_MCP1725MC
   DEV: Microchip_MCP6001
   DEV: Microchip_PIC32MX7X5F*L
LIBRARY: Logo.lbr
   PAC: CE_LOGO
   PAC: CHIPKIT_LOGO
   PAC: DIGILENT_BEYOND_1500_LOGO
   PAC: MAX32_LOGO
   PAC: ROHS_CHINA_INV_LOGO
   PAC: WEEE_LOGO2
